Downloading to /var/www/html/getcuaca/bin/hasil/psf_00.png
from https://sadewa.sains.lapan.go.id/wrf/2018/09/27/psf_20180927_00.png
Downloading to /var/www/html/getcuaca/bin/hasil/sst_00.png
from https://sadewa.sains.lapan.go.id/wrf/2018/09/27/sst_20180927_00.png
Downloading to /var/www/html/getcuaca/bin/hasil/rain_00.png
from https://sadewa.sains.lapan.go.id/wrf/2018/09/27/rain_20180927_00.png
Downloading to /var/www/html/getcuaca/bin/hasil/cloud_00.png
from https://sadewa.sains.lapan.go.id/wrf/2018/09/27/cloud_20180927_00.png
Downloading to /var/www/html/getcuaca/bin/hasil/psf_01.png
from https://sadewa.sains.lapan.go.id/wrf/2018/09/27/psf_20180927_01.png
Downloading to /var/www/html/getcuaca/bin/hasil/sst_01.png
from https://sadewa.sains.lapan.go.id/wrf/2018/09/27/sst_20180927_01.png
Downloading to /var/www/html/getcuaca/bin/hasil/rain_01.png
from https://sadewa.sains.lapan.go.id/wrf/2018/09/27/rain_20180927_01.png
Downloading to /var/www/html/getcuaca/bin/hasil/cloud_01.png
from https://sadewa.sains.lapan.go.id/wrf/2018/09/27/cloud_20180927_01.png
Downloading to /var/www/html/getcuaca/bin/hasil/psf_02.png
from https://sadewa.sains.lapan.go.id/wrf/2018/09/27/psf_20180927_02.png
Downloading to /var/www/html/getcuaca/bin/hasil/sst_02.png
from https://sadewa.sains.lapan.go.id/wrf/2018/09/27/sst_20180927_02.png
Downloading to /var/www/html/getcuaca/bin/hasil/rain_02.png
from https://sadewa.sains.lapan.go.id/wrf/2018/09/27/rain_20180927_02.png
Downloading to /var/www/html/getcuaca/bin/hasil/cloud_02.png
from https://sadewa.sains.lapan.go.id/wrf/2018/09/27/cloud_20180927_02.png
Downloading to /var/www/html/getcuaca/bin/hasil/psf_03.png
from https://sadewa.sains.lapan.go.id/wrf/2018/09/27/psf_20180927_03.png
Downloading to /var/www/html/getcuaca/bin/hasil/sst_03.png
from https://sadewa.sains.lapan.go.id/wrf/2018/09/27/sst_20180927_03.png
Downloading to /var/www/html/getcuaca/bin/hasil/rain_03.png
from https://sadewa.sains.lapan.go.id/wrf/2018/09/27/rain_20180927_03.png
Downloading to /var/www/html/getcuaca/bin/hasil/cloud_03.png
from https://sadewa.sains.lapan.go.id/wrf/2018/09/27/cloud_20180927_03.png
Downloading to /var/www/html/getcuaca/bin/hasil/psf_04.png
from https://sadewa.sains.lapan.go.id/wrf/2018/09/27/psf_20180927_04.png
Downloading to /var/www/html/getcuaca/bin/hasil/sst_04.png
from https://sadewa.sains.lapan.go.id/wrf/2018/09/27/sst_20180927_04.png
Downloading to /var/www/html/getcuaca/bin/hasil/rain_04.png
from https://sadewa.sains.lapan.go.id/wrf/2018/09/27/rain_20180927_04.png
Downloading to /var/www/html/getcuaca/bin/hasil/cloud_04.png
from https://sadewa.sains.lapan.go.id/wrf/2018/09/27/cloud_20180927_04.png
Downloading to /var/www/html/getcuaca/bin/hasil/psf_05.png
from https://sadewa.sains.lapan.go.id/wrf/2018/09/27/psf_20180927_05.png
Downloading to /var/www/html/getcuaca/bin/hasil/sst_05.png
from https://sadewa.sains.lapan.go.id/wrf/2018/09/27/sst_20180927_05.png
Downloading to /var/www/html/getcuaca/bin/hasil/rain_05.png
from https://sadewa.sains.lapan.go.id/wrf/2018/09/27/rain_20180927_05.png
Downloading to /var/www/html/getcuaca/bin/hasil/cloud_05.png
from https://sadewa.sains.lapan.go.id/wrf/2018/09/27/cloud_20180927_05.png
Downloading to /var/www/html/getcuaca/bin/hasil/psf_06.png
from https://sadewa.sains.lapan.go.id/wrf/2018/09/27/psf_20180927_06.png
Downloading to /var/www/html/getcuaca/bin/hasil/sst_06.png
from https://sadewa.sains.lapan.go.id/wrf/2018/09/27/sst_20180927_06.png
Downloading to /var/www/html/getcuaca/bin/hasil/rain_06.png
from https://sadewa.sains.lapan.go.id/wrf/2018/09/27/rain_20180927_06.png
Downloading to /var/www/html/getcuaca/bin/hasil/cloud_06.png
from https://sadewa.sains.lapan.go.id/wrf/2018/09/27/cloud_20180927_06.png
Downloading to /var/www/html/getcuaca/bin/hasil/psf_07.png
from https://sadewa.sains.lapan.go.id/wrf/2018/09/27/psf_20180927_07.png
Downloading to /var/www/html/getcuaca/bin/hasil/sst_07.png
from https://sadewa.sains.lapan.go.id/wrf/2018/09/27/sst_20180927_07.png
Downloading to /var/www/html/getcuaca/bin/hasil/rain_07.png
from https://sadewa.sains.lapan.go.id/wrf/2018/09/27/rain_20180927_07.png
Downloading to /var/www/html/getcuaca/bin/hasil/cloud_07.png
from https://sadewa.sains.lapan.go.id/wrf/2018/09/27/cloud_20180927_07.png
Downloading to /var/www/html/getcuaca/bin/hasil/psf_08.png
from https://sadewa.sains.lapan.go.id/wrf/2018/09/27/psf_20180927_08.png
Downloading to /var/www/html/getcuaca/bin/hasil/sst_08.png
from https://sadewa.sains.lapan.go.id/wrf/2018/09/27/sst_20180927_08.png
Downloading to /var/www/html/getcuaca/bin/hasil/rain_08.png
from https://sadewa.sains.lapan.go.id/wrf/2018/09/27/rain_20180927_08.png
Downloading to /var/www/html/getcuaca/bin/hasil/cloud_08.png
from https://sadewa.sains.lapan.go.id/wrf/2018/09/27/cloud_20180927_08.png
Downloading to /var/www/html/getcuaca/bin/hasil/psf_09.png
from https://sadewa.sains.lapan.go.id/wrf/2018/09/27/psf_20180927_09.png
Downloading to /var/www/html/getcuaca/bin/hasil/sst_09.png
from https://sadewa.sains.lapan.go.id/wrf/2018/09/27/sst_20180927_09.png
Downloading to /var/www/html/getcuaca/bin/hasil/rain_09.png
from https://sadewa.sains.lapan.go.id/wrf/2018/09/27/rain_20180927_09.png
Downloading to /var/www/html/getcuaca/bin/hasil/cloud_09.png
from https://sadewa.sains.lapan.go.id/wrf/2018/09/27/cloud_20180927_09.png
Downloading to /var/www/html/getcuaca/bin/hasil/psf_10.png
from https://sadewa.sains.lapan.go.id/wrf/2018/09/27/psf_20180927_10.png
Downloading to /var/www/html/getcuaca/bin/hasil/sst_10.png
from https://sadewa.sains.lapan.go.id/wrf/2018/09/27/sst_20180927_10.png
Downloading to /var/www/html/getcuaca/bin/hasil/rain_10.png
from https://sadewa.sains.lapan.go.id/wrf/2018/09/27/rain_20180927_10.png
Downloading to /var/www/html/getcuaca/bin/hasil/cloud_10.png
from https://sadewa.sains.lapan.go.id/wrf/2018/09/27/cloud_20180927_10.png
Downloading to /var/www/html/getcuaca/bin/hasil/psf_11.png
from https://sadewa.sains.lapan.go.id/wrf/2018/09/27/psf_20180927_11.png
Downloading to /var/www/html/getcuaca/bin/hasil/sst_11.png
from https://sadewa.sains.lapan.go.id/wrf/2018/09/27/sst_20180927_11.png
Downloading to /var/www/html/getcuaca/bin/hasil/rain_11.png
from https://sadewa.sains.lapan.go.id/wrf/2018/09/27/rain_20180927_11.png
Downloading to /var/www/html/getcuaca/bin/hasil/cloud_11.png
from https://sadewa.sains.lapan.go.id/wrf/2018/09/27/cloud_20180927_11.png
Downloading to /var/www/html/getcuaca/bin/hasil/psf_12.png
from https://sadewa.sains.lapan.go.id/wrf/2018/09/27/psf_20180927_12.png
Downloading to /var/www/html/getcuaca/bin/hasil/sst_12.png
from https://sadewa.sains.lapan.go.id/wrf/2018/09/27/sst_20180927_12.png
Downloading to /var/www/html/getcuaca/bin/hasil/rain_12.png
from https://sadewa.sains.lapan.go.id/wrf/2018/09/27/rain_20180927_12.png
Downloading to /var/www/html/getcuaca/bin/hasil/cloud_12.png
from https://sadewa.sains.lapan.go.id/wrf/2018/09/27/cloud_20180927_12.png
Downloading to /var/www/html/getcuaca/bin/hasil/psf_13.png
from https://sadewa.sains.lapan.go.id/wrf/2018/09/27/psf_20180927_13.png
Downloading to /var/www/html/getcuaca/bin/hasil/sst_13.png
from https://sadewa.sains.lapan.go.id/wrf/2018/09/27/sst_20180927_13.png
Downloading to /var/www/html/getcuaca/bin/hasil/rain_13.png
from https://sadewa.sains.lapan.go.id/wrf/2018/09/27/rain_20180927_13.png
Downloading to /var/www/html/getcuaca/bin/hasil/cloud_13.png
from https://sadewa.sains.lapan.go.id/wrf/2018/09/27/cloud_20180927_13.png
Downloading to /var/www/html/getcuaca/bin/hasil/psf_14.png
from https://sadewa.sains.lapan.go.id/wrf/2018/09/27/psf_20180927_14.png
Downloading to /var/www/html/getcuaca/bin/hasil/sst_14.png
from https://sadewa.sains.lapan.go.id/wrf/2018/09/27/sst_20180927_14.png
Downloading to /var/www/html/getcuaca/bin/hasil/rain_14.png
from https://sadewa.sains.lapan.go.id/wrf/2018/09/27/rain_20180927_14.png
Downloading to /var/www/html/getcuaca/bin/hasil/cloud_14.png
from https://sadewa.sains.lapan.go.id/wrf/2018/09/27/cloud_20180927_14.png
Downloading to /var/www/html/getcuaca/bin/hasil/psf_15.png
from https://sadewa.sains.lapan.go.id/wrf/2018/09/27/psf_20180927_15.png
Downloading to /var/www/html/getcuaca/bin/hasil/sst_15.png
from https://sadewa.sains.lapan.go.id/wrf/2018/09/27/sst_20180927_15.png
Downloading to /var/www/html/getcuaca/bin/hasil/rain_15.png
from https://sadewa.sains.lapan.go.id/wrf/2018/09/27/rain_20180927_15.png
Downloading to /var/www/html/getcuaca/bin/hasil/cloud_15.png
from https://sadewa.sains.lapan.go.id/wrf/2018/09/27/cloud_20180927_15.png
Downloading to /var/www/html/getcuaca/bin/hasil/psf_16.png
from https://sadewa.sains.lapan.go.id/wrf/2018/09/27/psf_20180927_16.png
Downloading to /var/www/html/getcuaca/bin/hasil/sst_16.png
from https://sadewa.sains.lapan.go.id/wrf/2018/09/27/sst_20180927_16.png
Downloading to /var/www/html/getcuaca/bin/hasil/rain_16.png
from https://sadewa.sains.lapan.go.id/wrf/2018/09/27/rain_20180927_16.png
Downloading to /var/www/html/getcuaca/bin/hasil/cloud_16.png
from https://sadewa.sains.lapan.go.id/wrf/2018/09/27/cloud_20180927_16.png
Downloading to /var/www/html/getcuaca/bin/hasil/psf_17.png
from https://sadewa.sains.lapan.go.id/wrf/2018/09/27/psf_20180927_17.png
Downloading to /var/www/html/getcuaca/bin/hasil/sst_17.png
from https://sadewa.sains.lapan.go.id/wrf/2018/09/27/sst_20180927_17.png
Downloading to /var/www/html/getcuaca/bin/hasil/rain_17.png
from https://sadewa.sains.lapan.go.id/wrf/2018/09/27/rain_20180927_17.png
Downloading to /var/www/html/getcuaca/bin/hasil/cloud_17.png
from https://sadewa.sains.lapan.go.id/wrf/2018/09/27/cloud_20180927_17.png
Downloading to /var/www/html/getcuaca/bin/hasil/psf_18.png
from https://sadewa.sains.lapan.go.id/wrf/2018/09/27/psf_20180927_18.png
Downloading to /var/www/html/getcuaca/bin/hasil/sst_18.png
from https://sadewa.sains.lapan.go.id/wrf/2018/09/27/sst_20180927_18.png
Downloading to /var/www/html/getcuaca/bin/hasil/rain_18.png
from https://sadewa.sains.lapan.go.id/wrf/2018/09/27/rain_20180927_18.png
Downloading to /var/www/html/getcuaca/bin/hasil/cloud_18.png
from https://sadewa.sains.lapan.go.id/wrf/2018/09/27/cloud_20180927_18.png
Downloading to /var/www/html/getcuaca/bin/hasil/psf_19.png
from https://sadewa.sains.lapan.go.id/wrf/2018/09/27/psf_20180927_19.png
Downloading to /var/www/html/getcuaca/bin/hasil/sst_19.png
from https://sadewa.sains.lapan.go.id/wrf/2018/09/27/sst_20180927_19.png
Downloading to /var/www/html/getcuaca/bin/hasil/rain_19.png
from https://sadewa.sains.lapan.go.id/wrf/2018/09/27/rain_20180927_19.png
Downloading to /var/www/html/getcuaca/bin/hasil/cloud_19.png
from https://sadewa.sains.lapan.go.id/wrf/2018/09/27/cloud_20180927_19.png
Downloading to /var/www/html/getcuaca/bin/hasil/psf_20.png
from https://sadewa.sains.lapan.go.id/wrf/2018/09/27/psf_20180927_20.png
Downloading to /var/www/html/getcuaca/bin/hasil/sst_20.png
from https://sadewa.sains.lapan.go.id/wrf/2018/09/27/sst_20180927_20.png
Downloading to /var/www/html/getcuaca/bin/hasil/rain_20.png
from https://sadewa.sains.lapan.go.id/wrf/2018/09/27/rain_20180927_20.png
Downloading to /var/www/html/getcuaca/bin/hasil/cloud_20.png
from https://sadewa.sains.lapan.go.id/wrf/2018/09/27/cloud_20180927_20.png
Downloading to /var/www/html/getcuaca/bin/hasil/psf_21.png
from https://sadewa.sains.lapan.go.id/wrf/2018/09/27/psf_20180927_21.png
Downloading to /var/www/html/getcuaca/bin/hasil/sst_21.png
from https://sadewa.sains.lapan.go.id/wrf/2018/09/27/sst_20180927_21.png
Downloading to /var/www/html/getcuaca/bin/hasil/rain_21.png
from https://sadewa.sains.lapan.go.id/wrf/2018/09/27/rain_20180927_21.png
Downloading to /var/www/html/getcuaca/bin/hasil/cloud_21.png
from https://sadewa.sains.lapan.go.id/wrf/2018/09/27/cloud_20180927_21.png
Downloading to /var/www/html/getcuaca/bin/hasil/psf_22.png
from https://sadewa.sains.lapan.go.id/wrf/2018/09/27/psf_20180927_22.png
Downloading to /var/www/html/getcuaca/bin/hasil/sst_22.png
from https://sadewa.sains.lapan.go.id/wrf/2018/09/27/sst_20180927_22.png
Downloading to /var/www/html/getcuaca/bin/hasil/rain_22.png
from https://sadewa.sains.lapan.go.id/wrf/2018/09/27/rain_20180927_22.png
Downloading to /var/www/html/getcuaca/bin/hasil/cloud_22.png
from https://sadewa.sains.lapan.go.id/wrf/2018/09/27/cloud_20180927_22.png
Downloading to /var/www/html/getcuaca/bin/hasil/psf_23.png
from https://sadewa.sains.lapan.go.id/wrf/2018/09/27/psf_20180927_23.png
Downloading to /var/www/html/getcuaca/bin/hasil/sst_23.png
from https://sadewa.sains.lapan.go.id/wrf/2018/09/27/sst_20180927_23.png
Downloading to /var/www/html/getcuaca/bin/hasil/rain_23.png
from https://sadewa.sains.lapan.go.id/wrf/2018/09/27/rain_20180927_23.png
Downloading to /var/www/html/getcuaca/bin/hasil/cloud_23.png
from https://sadewa.sains.lapan.go.id/wrf/2018/09/27/cloud_20180927_23.png
