Downloading to /var/www/html/getcuaca/bin/hasil/psf00.png
from http://sadewa.sains.lapan.go.id/wrf/psf00.png
Downloading to /var/www/html/getcuaca/bin/hasil/sst00.png
from http://sadewa.sains.lapan.go.id/wrf/sst00.png
Downloading to /var/www/html/getcuaca/bin/hasil/frain00.png
from http://sadewa.sains.lapan.go.id/wrf/frain00.png
Downloading to /var/www/html/getcuaca/bin/hasil/cloud00.png
from http://sadewa.sains.lapan.go.id/wrf/cloud00.png
Downloading to /var/www/html/getcuaca/bin/hasil/psf01.png
from http://sadewa.sains.lapan.go.id/wrf/psf01.png
Downloading to /var/www/html/getcuaca/bin/hasil/sst01.png
from http://sadewa.sains.lapan.go.id/wrf/sst01.png
Downloading to /var/www/html/getcuaca/bin/hasil/frain01.png
from http://sadewa.sains.lapan.go.id/wrf/frain01.png
Downloading to /var/www/html/getcuaca/bin/hasil/cloud01.png
from http://sadewa.sains.lapan.go.id/wrf/cloud01.png
Downloading to /var/www/html/getcuaca/bin/hasil/psf02.png
from http://sadewa.sains.lapan.go.id/wrf/psf02.png
Downloading to /var/www/html/getcuaca/bin/hasil/sst02.png
from http://sadewa.sains.lapan.go.id/wrf/sst02.png
Downloading to /var/www/html/getcuaca/bin/hasil/frain02.png
from http://sadewa.sains.lapan.go.id/wrf/frain02.png
Downloading to /var/www/html/getcuaca/bin/hasil/cloud02.png
from http://sadewa.sains.lapan.go.id/wrf/cloud02.png
Downloading to /var/www/html/getcuaca/bin/hasil/psf03.png
from http://sadewa.sains.lapan.go.id/wrf/psf03.png
Downloading to /var/www/html/getcuaca/bin/hasil/sst03.png
from http://sadewa.sains.lapan.go.id/wrf/sst03.png
Downloading to /var/www/html/getcuaca/bin/hasil/frain03.png
from http://sadewa.sains.lapan.go.id/wrf/frain03.png
Downloading to /var/www/html/getcuaca/bin/hasil/cloud03.png
from http://sadewa.sains.lapan.go.id/wrf/cloud03.png
Downloading to /var/www/html/getcuaca/bin/hasil/psf04.png
from http://sadewa.sains.lapan.go.id/wrf/psf04.png
Downloading to /var/www/html/getcuaca/bin/hasil/sst04.png
from http://sadewa.sains.lapan.go.id/wrf/sst04.png
Downloading to /var/www/html/getcuaca/bin/hasil/frain04.png
from http://sadewa.sains.lapan.go.id/wrf/frain04.png
Downloading to /var/www/html/getcuaca/bin/hasil/cloud04.png
from http://sadewa.sains.lapan.go.id/wrf/cloud04.png
Downloading to /var/www/html/getcuaca/bin/hasil/psf05.png
from http://sadewa.sains.lapan.go.id/wrf/psf05.png
Downloading to /var/www/html/getcuaca/bin/hasil/sst05.png
from http://sadewa.sains.lapan.go.id/wrf/sst05.png
Downloading to /var/www/html/getcuaca/bin/hasil/frain05.png
from http://sadewa.sains.lapan.go.id/wrf/frain05.png
Downloading to /var/www/html/getcuaca/bin/hasil/cloud05.png
from http://sadewa.sains.lapan.go.id/wrf/cloud05.png
Downloading to /var/www/html/getcuaca/bin/hasil/psf06.png
from http://sadewa.sains.lapan.go.id/wrf/psf06.png
Downloading to /var/www/html/getcuaca/bin/hasil/sst06.png
from http://sadewa.sains.lapan.go.id/wrf/sst06.png
Downloading to /var/www/html/getcuaca/bin/hasil/frain06.png
from http://sadewa.sains.lapan.go.id/wrf/frain06.png
Downloading to /var/www/html/getcuaca/bin/hasil/cloud06.png
from http://sadewa.sains.lapan.go.id/wrf/cloud06.png
Downloading to /var/www/html/getcuaca/bin/hasil/psf07.png
from http://sadewa.sains.lapan.go.id/wrf/psf07.png
Downloading to /var/www/html/getcuaca/bin/hasil/sst07.png
from http://sadewa.sains.lapan.go.id/wrf/sst07.png
Downloading to /var/www/html/getcuaca/bin/hasil/frain07.png
from http://sadewa.sains.lapan.go.id/wrf/frain07.png
Downloading to /var/www/html/getcuaca/bin/hasil/cloud07.png
from http://sadewa.sains.lapan.go.id/wrf/cloud07.png
Downloading to /var/www/html/getcuaca/bin/hasil/psf08.png
from http://sadewa.sains.lapan.go.id/wrf/psf08.png
Downloading to /var/www/html/getcuaca/bin/hasil/sst08.png
from http://sadewa.sains.lapan.go.id/wrf/sst08.png
Downloading to /var/www/html/getcuaca/bin/hasil/frain08.png
from http://sadewa.sains.lapan.go.id/wrf/frain08.png
Downloading to /var/www/html/getcuaca/bin/hasil/cloud08.png
from http://sadewa.sains.lapan.go.id/wrf/cloud08.png
Downloading to /var/www/html/getcuaca/bin/hasil/psf09.png
from http://sadewa.sains.lapan.go.id/wrf/psf09.png
Downloading to /var/www/html/getcuaca/bin/hasil/sst09.png
from http://sadewa.sains.lapan.go.id/wrf/sst09.png
Downloading to /var/www/html/getcuaca/bin/hasil/frain09.png
from http://sadewa.sains.lapan.go.id/wrf/frain09.png
Downloading to /var/www/html/getcuaca/bin/hasil/cloud09.png
from http://sadewa.sains.lapan.go.id/wrf/cloud09.png
Downloading to /var/www/html/getcuaca/bin/hasil/psf10.png
from http://sadewa.sains.lapan.go.id/wrf/psf10.png
Downloading to /var/www/html/getcuaca/bin/hasil/sst10.png
from http://sadewa.sains.lapan.go.id/wrf/sst10.png
Downloading to /var/www/html/getcuaca/bin/hasil/frain10.png
from http://sadewa.sains.lapan.go.id/wrf/frain10.png
Downloading to /var/www/html/getcuaca/bin/hasil/cloud10.png
from http://sadewa.sains.lapan.go.id/wrf/cloud10.png
Downloading to /var/www/html/getcuaca/bin/hasil/psf11.png
from http://sadewa.sains.lapan.go.id/wrf/psf11.png
Downloading to /var/www/html/getcuaca/bin/hasil/sst11.png
from http://sadewa.sains.lapan.go.id/wrf/sst11.png
Downloading to /var/www/html/getcuaca/bin/hasil/frain11.png
from http://sadewa.sains.lapan.go.id/wrf/frain11.png
Downloading to /var/www/html/getcuaca/bin/hasil/cloud11.png
from http://sadewa.sains.lapan.go.id/wrf/cloud11.png
Downloading to /var/www/html/getcuaca/bin/hasil/psf12.png
from http://sadewa.sains.lapan.go.id/wrf/psf12.png
Downloading to /var/www/html/getcuaca/bin/hasil/sst12.png
from http://sadewa.sains.lapan.go.id/wrf/sst12.png
Downloading to /var/www/html/getcuaca/bin/hasil/frain12.png
from http://sadewa.sains.lapan.go.id/wrf/frain12.png
Downloading to /var/www/html/getcuaca/bin/hasil/cloud12.png
from http://sadewa.sains.lapan.go.id/wrf/cloud12.png
Downloading to /var/www/html/getcuaca/bin/hasil/psf13.png
from http://sadewa.sains.lapan.go.id/wrf/psf13.png
Downloading to /var/www/html/getcuaca/bin/hasil/sst13.png
from http://sadewa.sains.lapan.go.id/wrf/sst13.png
Downloading to /var/www/html/getcuaca/bin/hasil/frain13.png
from http://sadewa.sains.lapan.go.id/wrf/frain13.png
Downloading to /var/www/html/getcuaca/bin/hasil/cloud13.png
from http://sadewa.sains.lapan.go.id/wrf/cloud13.png
Downloading to /var/www/html/getcuaca/bin/hasil/psf14.png
from http://sadewa.sains.lapan.go.id/wrf/psf14.png
Downloading to /var/www/html/getcuaca/bin/hasil/sst14.png
from http://sadewa.sains.lapan.go.id/wrf/sst14.png
Downloading to /var/www/html/getcuaca/bin/hasil/frain14.png
from http://sadewa.sains.lapan.go.id/wrf/frain14.png
Downloading to /var/www/html/getcuaca/bin/hasil/cloud14.png
from http://sadewa.sains.lapan.go.id/wrf/cloud14.png
Downloading to /var/www/html/getcuaca/bin/hasil/psf15.png
from http://sadewa.sains.lapan.go.id/wrf/psf15.png
Downloading to /var/www/html/getcuaca/bin/hasil/sst15.png
from http://sadewa.sains.lapan.go.id/wrf/sst15.png
Downloading to /var/www/html/getcuaca/bin/hasil/frain15.png
from http://sadewa.sains.lapan.go.id/wrf/frain15.png
Downloading to /var/www/html/getcuaca/bin/hasil/cloud15.png
from http://sadewa.sains.lapan.go.id/wrf/cloud15.png
Downloading to /var/www/html/getcuaca/bin/hasil/psf16.png
from http://sadewa.sains.lapan.go.id/wrf/psf16.png
Downloading to /var/www/html/getcuaca/bin/hasil/sst16.png
from http://sadewa.sains.lapan.go.id/wrf/sst16.png
Downloading to /var/www/html/getcuaca/bin/hasil/frain16.png
from http://sadewa.sains.lapan.go.id/wrf/frain16.png
Downloading to /var/www/html/getcuaca/bin/hasil/cloud16.png
from http://sadewa.sains.lapan.go.id/wrf/cloud16.png
Downloading to /var/www/html/getcuaca/bin/hasil/psf17.png
from http://sadewa.sains.lapan.go.id/wrf/psf17.png
Downloading to /var/www/html/getcuaca/bin/hasil/sst17.png
from http://sadewa.sains.lapan.go.id/wrf/sst17.png
Downloading to /var/www/html/getcuaca/bin/hasil/frain17.png
from http://sadewa.sains.lapan.go.id/wrf/frain17.png
Downloading to /var/www/html/getcuaca/bin/hasil/cloud17.png
from http://sadewa.sains.lapan.go.id/wrf/cloud17.png
Downloading to /var/www/html/getcuaca/bin/hasil/psf18.png
from http://sadewa.sains.lapan.go.id/wrf/psf18.png
Downloading to /var/www/html/getcuaca/bin/hasil/sst18.png
from http://sadewa.sains.lapan.go.id/wrf/sst18.png
Downloading to /var/www/html/getcuaca/bin/hasil/frain18.png
from http://sadewa.sains.lapan.go.id/wrf/frain18.png
Downloading to /var/www/html/getcuaca/bin/hasil/cloud18.png
from http://sadewa.sains.lapan.go.id/wrf/cloud18.png
Downloading to /var/www/html/getcuaca/bin/hasil/psf19.png
from http://sadewa.sains.lapan.go.id/wrf/psf19.png
Downloading to /var/www/html/getcuaca/bin/hasil/sst19.png
from http://sadewa.sains.lapan.go.id/wrf/sst19.png
Downloading to /var/www/html/getcuaca/bin/hasil/frain19.png
from http://sadewa.sains.lapan.go.id/wrf/frain19.png
Downloading to /var/www/html/getcuaca/bin/hasil/cloud19.png
from http://sadewa.sains.lapan.go.id/wrf/cloud19.png
Downloading to /var/www/html/getcuaca/bin/hasil/psf20.png
from http://sadewa.sains.lapan.go.id/wrf/psf20.png
Downloading to /var/www/html/getcuaca/bin/hasil/sst20.png
from http://sadewa.sains.lapan.go.id/wrf/sst20.png
Downloading to /var/www/html/getcuaca/bin/hasil/frain20.png
from http://sadewa.sains.lapan.go.id/wrf/frain20.png
Downloading to /var/www/html/getcuaca/bin/hasil/cloud20.png
from http://sadewa.sains.lapan.go.id/wrf/cloud20.png
Downloading to /var/www/html/getcuaca/bin/hasil/psf21.png
from http://sadewa.sains.lapan.go.id/wrf/psf21.png
Downloading to /var/www/html/getcuaca/bin/hasil/sst21.png
from http://sadewa.sains.lapan.go.id/wrf/sst21.png
Downloading to /var/www/html/getcuaca/bin/hasil/frain21.png
from http://sadewa.sains.lapan.go.id/wrf/frain21.png
Downloading to /var/www/html/getcuaca/bin/hasil/cloud21.png
from http://sadewa.sains.lapan.go.id/wrf/cloud21.png
Downloading to /var/www/html/getcuaca/bin/hasil/psf22.png
from http://sadewa.sains.lapan.go.id/wrf/psf22.png
Downloading to /var/www/html/getcuaca/bin/hasil/sst22.png
from http://sadewa.sains.lapan.go.id/wrf/sst22.png
Downloading to /var/www/html/getcuaca/bin/hasil/frain22.png
from http://sadewa.sains.lapan.go.id/wrf/frain22.png
Downloading to /var/www/html/getcuaca/bin/hasil/cloud22.png
from http://sadewa.sains.lapan.go.id/wrf/cloud22.png
Downloading to /var/www/html/getcuaca/bin/hasil/psf23.png
from http://sadewa.sains.lapan.go.id/wrf/psf23.png
Downloading to /var/www/html/getcuaca/bin/hasil/sst23.png
from http://sadewa.sains.lapan.go.id/wrf/sst23.png
Downloading to /var/www/html/getcuaca/bin/hasil/frain23.png
from http://sadewa.sains.lapan.go.id/wrf/frain23.png
Downloading to /var/www/html/getcuaca/bin/hasil/cloud23.png
from http://sadewa.sains.lapan.go.id/wrf/cloud23.png
